C51 COMPILER V9.60.0.0   LESSON1_3                                                         12/29/2022 19:18:54 PAGE 1   


C51 COMPILER V9.60.0.0, COMPILATION OF MODULE LESSON1_3
OBJECT MODULE PLACED IN .\Objects\lesson1_3.obj
COMPILER INVOKED BY: D:\51\KEIL\C51\BIN\C51.EXE lesson1_3.c OPTIMIZE(8,SPEED) BROWSE DEBUG OBJECTEXTEND PRINT(.\Listings
                    -\lesson1_3.lst) TABS(2) OBJECT(.\Objects\lesson1_3.obj)

line level    source

   1          #include <reg52.h>
   2          void main()
   3          {
   4   1      
   5   1        P1=0xfd;
   6   1      
   7   1      } 


MODULE INFORMATION:   STATIC OVERLAYABLE
   CODE SIZE        =      4    ----
   CONSTANT SIZE    =   ----    ----
   XDATA SIZE       =   ----    ----
   PDATA SIZE       =   ----    ----
   DATA SIZE        =   ----    ----
   IDATA SIZE       =   ----    ----
   BIT SIZE         =   ----    ----
END OF MODULE INFORMATION.


C51 COMPILATION COMPLETE.  0 WARNING(S),  0 ERROR(S)
